2025-10-14 15:38:41 - INFO - [logging.py:15] - License type: LicenseType.Trial
2025-10-14 15:38:41 - INFO - [logging.py:15] - Parsing ...
2025-10-14 15:38:50 - INFO - [logging.py:15] - Parsing package: dlisa
2025-10-14 15:38:50 - INFO - [logging.py:15] - Second pass of parsing for package: dlisa
2025-10-14 15:38:50 - INFO - [logging.py:15] - Calculating metrics ...
2025-10-14 15:38:50 - INFO - [logging.py:15] - Collect dependencies ...
2025-10-14 15:38:50 - INFO - [logging.py:15] - Detecting code smells ...
2025-10-14 15:38:50 - INFO - [logging.py:15] - Detecting design smells ...
2025-10-14 15:38:50 - INFO - [logging.py:15] - Detecting architecture smells ...
2025-10-14 15:38:50 - INFO - [logging.py:15] - Detecting machine learning smells ...
2025-10-14 15:38:50 - INFO - [logging.py:15] - Analysis complete.
2025-10-14 15:38:50 - INFO - [logging.py:15] - Preparing analysis summary ...
2025-10-14 15:38:51 - INFO - [logging.py:15] - JSON data successfully exported to C:\Users\PUC\Documents\AISE\ecosustain-replication-study\refactoring\output-dpy\dlisa_function_metrics.json
2025-10-14 15:38:51 - INFO - [logging.py:15] - Successfully exported JSON data to dlisa_function_metrics.json
2025-10-14 15:38:51 - INFO - [logging.py:15] - JSON data successfully exported to C:\Users\PUC\Documents\AISE\ecosustain-replication-study\refactoring\output-dpy\dlisa_class_module_metrics.json
2025-10-14 15:38:51 - INFO - [logging.py:15] - Successfully exported JSON data to dlisa_class_module_metrics.json
2025-10-14 15:38:51 - INFO - [logging.py:15] - JSON data successfully exported to C:\Users\PUC\Documents\AISE\ecosustain-replication-study\refactoring\output-dpy\dlisa_implementation_smells.json
2025-10-14 15:38:51 - INFO - [logging.py:15] - Successfully exported JSON data to dlisa_implementation_smells.json
2025-10-14 15:38:51 - INFO - [logging.py:15] - No design smells found.
2025-10-14 15:38:51 - INFO - [logging.py:15] - No architecture smells found.
2025-10-14 15:38:51 - INFO - [logging.py:15] - No ML smells found.
2025-10-14 15:38:51 - INFO - [logging.py:15] - Done.
