2025-10-20 16:01:05 - INFO - [logging.py:15] - License type: LicenseType.Trial
2025-10-20 16:01:05 - INFO - [logging.py:15] - Parsing ...
2025-10-20 16:01:05 - INFO - [logging.py:15] - Parsing package: Web-Ads-Accessibility.src
2025-10-20 16:01:05 - INFO - [logging.py:15] - Parsing package: Web-Ads-Accessibility.src.reproducible
2025-10-20 16:01:05 - INFO - [logging.py:15] - Second pass of parsing for package: Web-Ads-Accessibility.src
2025-10-20 16:01:05 - INFO - [logging.py:15] - Second pass of parsing for package: Web-Ads-Accessibility.src.reproducible
2025-10-20 16:01:05 - INFO - [logging.py:15] - Calculating metrics ...
2025-10-20 16:01:05 - INFO - [logging.py:15] - Collect dependencies ...
2025-10-20 16:01:05 - INFO - [logging.py:15] - Detecting code smells ...
2025-10-20 16:01:05 - INFO - [logging.py:15] - Detecting design smells ...
2025-10-20 16:01:05 - INFO - [logging.py:15] - Detecting architecture smells ...
2025-10-20 16:01:05 - INFO - [logging.py:15] - Detecting machine learning smells ...
2025-10-20 16:01:05 - INFO - [logging.py:15] - Analysis complete.
2025-10-20 16:01:05 - INFO - [logging.py:15] - Preparing analysis summary ...
2025-10-20 16:01:06 - INFO - [logging.py:15] - JSON data successfully exported to C:\Users\PUC\Documents\AISE\ecosustain-replication-study\refactoring\output-dpy\Web-Ads-Accessibility_function_metrics.json
2025-10-20 16:01:06 - INFO - [logging.py:15] - Successfully exported JSON data to Web-Ads-Accessibility_function_metrics.json
2025-10-20 16:01:06 - INFO - [logging.py:15] - JSON data successfully exported to C:\Users\PUC\Documents\AISE\ecosustain-replication-study\refactoring\output-dpy\Web-Ads-Accessibility_class_module_metrics.json
2025-10-20 16:01:06 - INFO - [logging.py:15] - Successfully exported JSON data to Web-Ads-Accessibility_class_module_metrics.json
2025-10-20 16:01:06 - INFO - [logging.py:15] - JSON data successfully exported to C:\Users\PUC\Documents\AISE\ecosustain-replication-study\refactoring\output-dpy\Web-Ads-Accessibility_implementation_smells.json
2025-10-20 16:01:06 - INFO - [logging.py:15] - Successfully exported JSON data to Web-Ads-Accessibility_implementation_smells.json
2025-10-20 16:01:06 - INFO - [logging.py:15] - No design smells found.
2025-10-20 16:01:06 - INFO - [logging.py:15] - JSON data successfully exported to C:\Users\PUC\Documents\AISE\ecosustain-replication-study\refactoring\output-dpy\Web-Ads-Accessibility_arch_smells.json
2025-10-20 16:01:06 - INFO - [logging.py:15] - Successfully exported JSON data to Web-Ads-Accessibility_arch_smells.json
2025-10-20 16:01:06 - INFO - [logging.py:15] - JSON data successfully exported to C:\Users\PUC\Documents\AISE\ecosustain-replication-study\refactoring\output-dpy\Web-Ads-Accessibility_ml_smells.json
2025-10-20 16:01:06 - INFO - [logging.py:15] - Successfully exported JSON data to Web-Ads-Accessibility_ml_smells.json
2025-10-20 16:01:06 - INFO - [logging.py:15] - Done.
