2025-10-10 14:51:07 - INFO - [logging.py:15] - License type: LicenseType.Trial
2025-10-10 14:51:07 - INFO - [logging.py:15] - Parsing ...
2025-10-10 14:51:07 - INFO - [logging.py:15] - Parsing package: FairQuant-Artifact.data.compas
2025-10-10 14:51:07 - INFO - [logging.py:15] - Parsing package: FairQuant-Artifact.Fairify
2025-10-10 14:51:07 - INFO - [logging.py:15] - Parsing package: FairQuant-Artifact.Fairify.src.AC
2025-10-10 14:51:07 - INFO - [logging.py:15] - Parsing package: FairQuant-Artifact.Fairify.src.BM
2025-10-10 14:51:07 - INFO - [logging.py:15] - Parsing package: FairQuant-Artifact.Fairify.src.compas
2025-10-10 14:51:07 - INFO - [logging.py:15] - Parsing package: FairQuant-Artifact.Fairify.src.GC
2025-10-10 14:51:07 - INFO - [logging.py:15] - Parsing package: FairQuant-Artifact.Fairify.utils
2025-10-10 14:51:07 - INFO - [logging.py:15] - Second pass of parsing for package: FairQuant-Artifact.data.compas
2025-10-10 14:51:07 - INFO - [logging.py:15] - Second pass of parsing for package: FairQuant-Artifact.Fairify
2025-10-10 14:51:07 - INFO - [logging.py:15] - Second pass of parsing for package: FairQuant-Artifact.Fairify.src.AC
2025-10-10 14:51:07 - INFO - [logging.py:15] - Second pass of parsing for package: FairQuant-Artifact.Fairify.src.BM
2025-10-10 14:51:07 - INFO - [logging.py:15] - Second pass of parsing for package: FairQuant-Artifact.Fairify.src.compas
2025-10-10 14:51:07 - INFO - [logging.py:15] - Second pass of parsing for package: FairQuant-Artifact.Fairify.src.GC
2025-10-10 14:51:07 - INFO - [logging.py:15] - Second pass of parsing for package: FairQuant-Artifact.Fairify.utils
2025-10-10 14:51:08 - INFO - [logging.py:15] - Calculating metrics ...
2025-10-10 14:51:08 - INFO - [logging.py:15] - Collect dependencies ...
2025-10-10 14:51:08 - INFO - [logging.py:15] - Detecting code smells ...
2025-10-10 14:51:08 - INFO - [logging.py:15] - Detecting design smells ...
2025-10-10 14:51:08 - INFO - [logging.py:15] - Detecting architecture smells ...
2025-10-10 14:51:08 - INFO - [logging.py:15] - Detecting machine learning smells ...
2025-10-10 14:51:08 - INFO - [logging.py:15] - Analysis complete.
2025-10-10 14:51:08 - INFO - [logging.py:15] - Preparing analysis summary ...
2025-10-10 14:51:09 - INFO - [logging.py:15] - JSON data successfully exported to C:\Users\PUC\Documents\AISE\ecosustain-replication-study\refactoring\output-dpy\FairQuant-Artifact_function_metrics.json
2025-10-10 14:51:09 - INFO - [logging.py:15] - Successfully exported JSON data to FairQuant-Artifact_function_metrics.json
2025-10-10 14:51:09 - INFO - [logging.py:15] - JSON data successfully exported to C:\Users\PUC\Documents\AISE\ecosustain-replication-study\refactoring\output-dpy\FairQuant-Artifact_class_module_metrics.json
2025-10-10 14:51:09 - INFO - [logging.py:15] - Successfully exported JSON data to FairQuant-Artifact_class_module_metrics.json
2025-10-10 14:51:09 - INFO - [logging.py:15] - JSON data successfully exported to C:\Users\PUC\Documents\AISE\ecosustain-replication-study\refactoring\output-dpy\FairQuant-Artifact_implementation_smells.json
2025-10-10 14:51:09 - INFO - [logging.py:15] - Successfully exported JSON data to FairQuant-Artifact_implementation_smells.json
2025-10-10 14:51:09 - INFO - [logging.py:15] - JSON data successfully exported to C:\Users\PUC\Documents\AISE\ecosustain-replication-study\refactoring\output-dpy\FairQuant-Artifact_design_smells.json
2025-10-10 14:51:09 - INFO - [logging.py:15] - Successfully exported JSON data to FairQuant-Artifact_design_smells.json
2025-10-10 14:51:09 - INFO - [logging.py:15] - JSON data successfully exported to C:\Users\PUC\Documents\AISE\ecosustain-replication-study\refactoring\output-dpy\FairQuant-Artifact_arch_smells.json
2025-10-10 14:51:09 - INFO - [logging.py:15] - Successfully exported JSON data to FairQuant-Artifact_arch_smells.json
2025-10-10 14:51:09 - INFO - [logging.py:15] - No ML smells found.
2025-10-10 14:51:09 - INFO - [logging.py:15] - Done.
