2025-10-09 19:28:45 - INFO - [analyzer.py:158] - Parsing ...
2025-10-09 19:28:46 - INFO - [sm_project.py:111] - Parsing package: benchmarking_rlmut.custom_env.custom_cartpole
2025-10-09 19:28:46 - INFO - [sm_project.py:111] - Parsing package: benchmarking_rlmut.custom_env.custom_cartpole.cartpole_folder
2025-10-09 19:28:46 - INFO - [sm_project.py:111] - Parsing package: benchmarking_rlmut.custom_env.custom_cartpole.cartpole_folder.envs
2025-10-09 19:28:46 - INFO - [sm_project.py:111] - Parsing package: benchmarking_rlmut.custom_env.custom_lunarlander
2025-10-09 19:28:46 - INFO - [sm_project.py:111] - Parsing package: benchmarking_rlmut.custom_env.custom_lunarlander.lunarlander_folder
2025-10-09 19:28:46 - INFO - [sm_project.py:111] - Parsing package: benchmarking_rlmut.custom_env.custom_lunarlander.lunarlander_folder.envs
2025-10-09 19:28:46 - INFO - [sm_project.py:111] - Parsing package: benchmarking_rlmut.RLMutation.RLMT
2025-10-09 19:28:46 - INFO - [sm_project.py:114] - Second pass of parsing for package: benchmarking_rlmut.custom_env.custom_cartpole
2025-10-09 19:28:46 - INFO - [sm_project.py:114] - Second pass of parsing for package: benchmarking_rlmut.custom_env.custom_cartpole.cartpole_folder
2025-10-09 19:28:46 - INFO - [sm_project.py:114] - Second pass of parsing for package: benchmarking_rlmut.custom_env.custom_cartpole.cartpole_folder.envs
2025-10-09 19:28:46 - INFO - [sm_project.py:114] - Second pass of parsing for package: benchmarking_rlmut.custom_env.custom_lunarlander
2025-10-09 19:28:46 - INFO - [sm_project.py:114] - Second pass of parsing for package: benchmarking_rlmut.custom_env.custom_lunarlander.lunarlander_folder
2025-10-09 19:28:46 - INFO - [sm_project.py:114] - Second pass of parsing for package: benchmarking_rlmut.custom_env.custom_lunarlander.lunarlander_folder.envs
2025-10-09 19:28:46 - INFO - [sm_project.py:114] - Second pass of parsing for package: benchmarking_rlmut.RLMutation.RLMT
2025-10-09 19:28:46 - INFO - [analyzer.py:164] - Calculating metrics ...
2025-10-09 19:28:46 - INFO - [analyzer.py:168] - Detecting code smells ...
2025-10-09 19:28:47 - INFO - [analyzer.py:172] - Detecting design smells ...
2025-10-09 19:28:47 - INFO - [analyzer.py:176] - Analysis complete.
2025-10-09 19:28:47 - INFO - [exporter.py:48] - JSON data successfully exported to C:\Users\guicu\OneDrive\Documentos\prog\aise\refactoring\output-dpy\benchmarking_rlmut_function_metrics.json
2025-10-09 19:28:47 - INFO - [exporter.py:14] - Successfully exported JSON data to benchmarking_rlmut_function_metrics.json
2025-10-09 19:28:47 - INFO - [exporter.py:48] - JSON data successfully exported to C:\Users\guicu\OneDrive\Documentos\prog\aise\refactoring\output-dpy\benchmarking_rlmut_class_module_metrics.json
2025-10-09 19:28:47 - INFO - [exporter.py:14] - Successfully exported JSON data to benchmarking_rlmut_class_module_metrics.json
2025-10-09 19:28:47 - INFO - [exporter.py:48] - JSON data successfully exported to C:\Users\guicu\OneDrive\Documentos\prog\aise\refactoring\output-dpy\benchmarking_rlmut_implementation_smells.json
2025-10-09 19:28:47 - INFO - [exporter.py:14] - Successfully exported JSON data to benchmarking_rlmut_implementation_smells.json
2025-10-09 19:28:47 - INFO - [exporter.py:48] - JSON data successfully exported to C:\Users\guicu\OneDrive\Documentos\prog\aise\refactoring\output-dpy\benchmarking_rlmut_design_smells.json
2025-10-09 19:28:47 - INFO - [exporter.py:14] - Successfully exported JSON data to benchmarking_rlmut_design_smells.json
2025-10-09 19:28:47 - INFO - [analyzer.py:222] - Done.
