2025-10-09 19:32:24 - INFO - [analyzer.py:158] - Parsing ...
2025-10-09 19:32:24 - INFO - [sm_project.py:111] - Parsing package: saida_gemini.custom_env.custom_cartpole.cartpole_folder.envs
2025-10-09 19:32:24 - INFO - [sm_project.py:111] - Parsing package: saida_gemini.custom_env.custom_lunarlander.lunarlander_folder.envs
2025-10-09 19:32:24 - INFO - [sm_project.py:111] - Parsing package: saida_gemini.RLMutation.RLMT
2025-10-09 19:32:24 - ERROR - [sm_module.py:143] - Error processing file C:\Users\guicu\OneDrive\Documentos\prog\aise\refactoring\saida_gemini\RLMutation\RLMT\mutated_algorithms.py: '(' was never closed (<unknown>, line 790)
2025-10-09 19:32:24 - INFO - [sm_project.py:114] - Second pass of parsing for package: saida_gemini.custom_env.custom_cartpole.cartpole_folder.envs
2025-10-09 19:32:24 - INFO - [sm_project.py:114] - Second pass of parsing for package: saida_gemini.custom_env.custom_lunarlander.lunarlander_folder.envs
2025-10-09 19:32:24 - INFO - [sm_project.py:114] - Second pass of parsing for package: saida_gemini.RLMutation.RLMT
2025-10-09 19:32:24 - INFO - [analyzer.py:164] - Calculating metrics ...
2025-10-09 19:32:24 - INFO - [analyzer.py:168] - Detecting code smells ...
2025-10-09 19:32:25 - INFO - [analyzer.py:172] - Detecting design smells ...
2025-10-09 19:32:25 - INFO - [analyzer.py:176] - Analysis complete.
2025-10-09 19:32:25 - INFO - [exporter.py:48] - JSON data successfully exported to C:\Users\guicu\OneDrive\Documentos\prog\aise\refactoring\output-dpy\saida_gemini_function_metrics.json
2025-10-09 19:32:25 - INFO - [exporter.py:14] - Successfully exported JSON data to saida_gemini_function_metrics.json
2025-10-09 19:32:25 - INFO - [exporter.py:48] - JSON data successfully exported to C:\Users\guicu\OneDrive\Documentos\prog\aise\refactoring\output-dpy\saida_gemini_class_module_metrics.json
2025-10-09 19:32:25 - INFO - [exporter.py:14] - Successfully exported JSON data to saida_gemini_class_module_metrics.json
2025-10-09 19:32:25 - INFO - [exporter.py:48] - JSON data successfully exported to C:\Users\guicu\OneDrive\Documentos\prog\aise\refactoring\output-dpy\saida_gemini_implementation_smells.json
2025-10-09 19:32:25 - INFO - [exporter.py:14] - Successfully exported JSON data to saida_gemini_implementation_smells.json
2025-10-09 19:32:25 - INFO - [exporter.py:48] - JSON data successfully exported to C:\Users\guicu\OneDrive\Documentos\prog\aise\refactoring\output-dpy\saida_gemini_design_smells.json
2025-10-09 19:32:25 - INFO - [exporter.py:14] - Successfully exported JSON data to saida_gemini_design_smells.json
2025-10-09 19:32:25 - INFO - [analyzer.py:222] - Done.
